[debug] [2023-12-15T00:54:08.707Z] ----------------------------------------------------------------------
[debug] [2023-12-15T00:54:08.710Z] Command:       C:\Program Files\nodejs\node.exe C:\Users\pnich\AppData\Roaming\npm\node_modules\firebase-tools\lib\bin\firebase.js init
[debug] [2023-12-15T00:54:08.710Z] CLI Version:   13.0.2
[debug] [2023-12-15T00:54:08.711Z] Platform:      win32
[debug] [2023-12-15T00:54:08.711Z] Node Version:  v20.10.0
[debug] [2023-12-15T00:54:08.711Z] Time:          Thu Dec 14 2023 19:54:08 GMT-0500 (Eastern Standard Time)
[debug] [2023-12-15T00:54:08.711Z] ----------------------------------------------------------------------
[debug] 
[debug] [2023-12-15T00:54:08.766Z] Field ".emulators.hosting.port" in "firebase.json" is possibly invalid: should be number
[debug] [2023-12-15T00:54:08.769Z] > command requires scopes: ["email","openid","https://www.googleapis.com/auth/cloudplatformprojects.readonly","https://www.googleapis.com/auth/firebase","https://www.googleapis.com/auth/cloud-platform"]
[debug] [2023-12-15T00:54:08.770Z] > authorizing via signed-in user (pnichols789@gmail.com)
[debug] [2023-12-15T00:54:08.770Z] Field ".emulators.hosting.port" in "firebase.json" is possibly invalid: should be number
[info] 
     ######## #### ########  ######## ########     ###     ######  ########
     ##        ##  ##     ## ##       ##     ##  ##   ##  ##       ##
     ######    ##  ########  ######   ########  #########  ######  ######
     ##        ##  ##    ##  ##       ##     ## ##     ##       ## ##
     ##       #### ##     ## ######## ########  ##     ##  ######  ########

You're about to initialize a Firebase project in this directory:

  C:\Users\pnich\OneDrive\Documents\SHS\SHS-site-2024\shs

Before we get started, keep in mind:

  * You are initializing within an existing Firebase project directory

